{"E:\\Thesis\\starcountTypeScript\\lib\\src\\functions\\functions.js": {"path":"E:\\Thesis\\starcountTypeScript\\lib\\src\\functions\\functions.js","statementMap":{"0":{"start":{"line":10,"column":0},"end":{"line":10,"column":62}},"1":{"start":{"line":11,"column":0},"end":{"line":11,"column":115}},"2":{"start":{"line":13,"column":4},"end":{"line":13,"column":26}},"3":{"start":{"line":15,"column":0},"end":{"line":15,"column":18}},"4":{"start":{"line":22,"column":16},"end":{"line":25,"column":12}},"5":{"start":{"line":23,"column":19},"end":{"line":23,"column":32}},"6":{"start":{"line":24,"column":8},"end":{"line":24,"column":35}},"7":{"start":{"line":26,"column":4},"end":{"line":28,"column":6}},"8":{"start":{"line":27,"column":8},"end":{"line":27,"column":29}},"9":{"start":{"line":30,"column":0},"end":{"line":30,"column":22}},"10":{"start":{"line":36,"column":4},"end":{"line":36,"column":43}},"11":{"start":{"line":38,"column":0},"end":{"line":38,"column":34}},"12":{"start":{"line":46,"column":17},"end":{"line":46,"column":18}},"13":{"start":{"line":47,"column":16},"end":{"line":50,"column":12}},"14":{"start":{"line":48,"column":8},"end":{"line":48,"column":30}},"15":{"start":{"line":49,"column":8},"end":{"line":49,"column":37}},"16":{"start":{"line":51,"column":4},"end":{"line":53,"column":6}},"17":{"start":{"line":52,"column":8},"end":{"line":52,"column":29}},"18":{"start":{"line":55,"column":0},"end":{"line":55,"column":30}},"19":{"start":{"line":63,"column":4},"end":{"line":63,"column":25}},"20":{"start":{"line":64,"column":4},"end":{"line":64,"column":19}},"21":{"start":{"line":66,"column":0},"end":{"line":66,"column":32}},"22":{"start":{"line":74,"column":4},"end":{"line":74,"column":19}},"23":{"start":{"line":76,"column":0},"end":{"line":76,"column":20}}},"fnMap":{"0":{"name":"add","decl":{"start":{"line":12,"column":9},"end":{"line":12,"column":12}},"loc":{"start":{"line":12,"column":28},"end":{"line":14,"column":1}},"line":12},"1":{"name":"clock","decl":{"start":{"line":21,"column":9},"end":{"line":21,"column":14}},"loc":{"start":{"line":21,"column":27},"end":{"line":29,"column":1}},"line":21},"2":{"name":"(anonymous_2)","decl":{"start":{"line":22,"column":28},"end":{"line":22,"column":29}},"loc":{"start":{"line":22,"column":40},"end":{"line":25,"column":5}},"line":22},"3":{"name":"(anonymous_3)","decl":{"start":{"line":26,"column":28},"end":{"line":26,"column":29}},"loc":{"start":{"line":26,"column":40},"end":{"line":28,"column":5}},"line":26},"4":{"name":"currentTime","decl":{"start":{"line":35,"column":9},"end":{"line":35,"column":20}},"loc":{"start":{"line":35,"column":23},"end":{"line":37,"column":1}},"line":35},"5":{"name":"increment","decl":{"start":{"line":45,"column":9},"end":{"line":45,"column":18}},"loc":{"start":{"line":45,"column":44},"end":{"line":54,"column":1}},"line":45},"6":{"name":"(anonymous_6)","decl":{"start":{"line":47,"column":28},"end":{"line":47,"column":29}},"loc":{"start":{"line":47,"column":40},"end":{"line":50,"column":5}},"line":47},"7":{"name":"(anonymous_7)","decl":{"start":{"line":51,"column":28},"end":{"line":51,"column":29}},"loc":{"start":{"line":51,"column":40},"end":{"line":53,"column":5}},"line":51},"8":{"name":"logMessage","decl":{"start":{"line":62,"column":9},"end":{"line":62,"column":19}},"loc":{"start":{"line":62,"column":29},"end":{"line":65,"column":1}},"line":62},"9":{"name":"show","decl":{"start":{"line":73,"column":9},"end":{"line":73,"column":13}},"loc":{"start":{"line":73,"column":23},"end":{"line":75,"column":1}},"line":73}},"branchMap":{},"s":{"0":1,"1":1,"2":0,"3":1,"4":0,"5":0,"6":0,"7":0,"8":0,"9":1,"10":0,"11":1,"12":0,"13":0,"14":0,"15":0,"16":0,"17":0,"18":1,"19":0,"20":0,"21":1,"22":1,"23":1},"f":{"0":0,"1":0,"2":0,"3":0,"4":0,"5":0,"6":0,"7":0,"8":0,"9":1},"b":{},"inputSourceMap":null,"_coverageSchema":"1a1c01bbd47fc00a2c39e90264f33305004495a9","hash":"a169dc4e123a9be15687a29ef64fd00b14bd899e"}
,"E:\\Thesis\\starcountTypeScript\\src\\functions\\functions.js": {"path":"E:\\Thesis\\starcountTypeScript\\src\\functions\\functions.js","statementMap":{"0":{"start":{"line":10,"column":16},"end":{"line":18,"column":1}},"1":{"start":{"line":11,"column":28},"end":{"line":11,"column":110}},"2":{"start":{"line":11,"column":91},"end":{"line":11,"column":106}},"3":{"start":{"line":12,"column":4},"end":{"line":17,"column":7}},"4":{"start":{"line":13,"column":36},"end":{"line":13,"column":97}},"5":{"start":{"line":13,"column":42},"end":{"line":13,"column":70}},"6":{"start":{"line":13,"column":85},"end":{"line":13,"column":95}},"7":{"start":{"line":14,"column":35},"end":{"line":14,"column":100}},"8":{"start":{"line":14,"column":41},"end":{"line":14,"column":73}},"9":{"start":{"line":14,"column":88},"end":{"line":14,"column":98}},"10":{"start":{"line":15,"column":32},"end":{"line":15,"column":116}},"11":{"start":{"line":16,"column":8},"end":{"line":16,"column":78}},"12":{"start":{"line":19,"column":18},"end":{"line":45,"column":1}},"13":{"start":{"line":20,"column":12},"end":{"line":20,"column":104}},"14":{"start":{"line":20,"column":43},"end":{"line":20,"column":68}},"15":{"start":{"line":20,"column":57},"end":{"line":20,"column":68}},"16":{"start":{"line":20,"column":69},"end":{"line":20,"column":81}},"17":{"start":{"line":21,"column":4},"end":{"line":21,"column":157}},"18":{"start":{"line":21,"column":138},"end":{"line":21,"column":150}},"19":{"start":{"line":22,"column":23},"end":{"line":22,"column":68}},"20":{"start":{"line":22,"column":45},"end":{"line":22,"column":65}},"21":{"start":{"line":24,"column":8},"end":{"line":24,"column":70}},"22":{"start":{"line":24,"column":15},"end":{"line":24,"column":70}},"23":{"start":{"line":25,"column":8},"end":{"line":42,"column":66}},"24":{"start":{"line":25,"column":18},"end":{"line":42,"column":66}},"25":{"start":{"line":26,"column":12},"end":{"line":26,"column":169}},"26":{"start":{"line":26,"column":160},"end":{"line":26,"column":169}},"27":{"start":{"line":27,"column":12},"end":{"line":27,"column":52}},"28":{"start":{"line":27,"column":26},"end":{"line":27,"column":52}},"29":{"start":{"line":28,"column":12},"end":{"line":40,"column":13}},"30":{"start":{"line":29,"column":32},"end":{"line":29,"column":39}},"31":{"start":{"line":29,"column":40},"end":{"line":29,"column":46}},"32":{"start":{"line":30,"column":24},"end":{"line":30,"column":34}},"33":{"start":{"line":30,"column":35},"end":{"line":30,"column":72}},"34":{"start":{"line":31,"column":24},"end":{"line":31,"column":34}},"35":{"start":{"line":31,"column":35},"end":{"line":31,"column":45}},"36":{"start":{"line":31,"column":46},"end":{"line":31,"column":55}},"37":{"start":{"line":31,"column":56},"end":{"line":31,"column":65}},"38":{"start":{"line":32,"column":24},"end":{"line":32,"column":41}},"39":{"start":{"line":32,"column":42},"end":{"line":32,"column":55}},"40":{"start":{"line":32,"column":56},"end":{"line":32,"column":65}},"41":{"start":{"line":34,"column":20},"end":{"line":34,"column":128}},"42":{"start":{"line":34,"column":110},"end":{"line":34,"column":116}},"43":{"start":{"line":34,"column":117},"end":{"line":34,"column":126}},"44":{"start":{"line":35,"column":20},"end":{"line":35,"column":106}},"45":{"start":{"line":35,"column":81},"end":{"line":35,"column":97}},"46":{"start":{"line":35,"column":98},"end":{"line":35,"column":104}},"47":{"start":{"line":36,"column":20},"end":{"line":36,"column":89}},"48":{"start":{"line":36,"column":57},"end":{"line":36,"column":72}},"49":{"start":{"line":36,"column":73},"end":{"line":36,"column":80}},"50":{"start":{"line":36,"column":81},"end":{"line":36,"column":87}},"51":{"start":{"line":37,"column":20},"end":{"line":37,"column":87}},"52":{"start":{"line":37,"column":47},"end":{"line":37,"column":62}},"53":{"start":{"line":37,"column":63},"end":{"line":37,"column":78}},"54":{"start":{"line":37,"column":79},"end":{"line":37,"column":85}},"55":{"start":{"line":38,"column":20},"end":{"line":38,"column":42}},"56":{"start":{"line":38,"column":30},"end":{"line":38,"column":42}},"57":{"start":{"line":39,"column":20},"end":{"line":39,"column":33}},"58":{"start":{"line":39,"column":34},"end":{"line":39,"column":43}},"59":{"start":{"line":41,"column":12},"end":{"line":41,"column":39}},"60":{"start":{"line":42,"column":22},"end":{"line":42,"column":34}},"61":{"start":{"line":42,"column":35},"end":{"line":42,"column":41}},"62":{"start":{"line":42,"column":54},"end":{"line":42,"column":64}},"63":{"start":{"line":43,"column":8},"end":{"line":43,"column":35}},"64":{"start":{"line":43,"column":23},"end":{"line":43,"column":35}},"65":{"start":{"line":43,"column":36},"end":{"line":43,"column":89}},"66":{"start":{"line":46,"column":0},"end":{"line":46,"column":26}},"67":{"start":{"line":47,"column":0},"end":{"line":47,"column":164}},"68":{"start":{"line":49,"column":4},"end":{"line":49,"column":26}},"69":{"start":{"line":51,"column":0},"end":{"line":51,"column":18}},"70":{"start":{"line":58,"column":16},"end":{"line":61,"column":12}},"71":{"start":{"line":59,"column":19},"end":{"line":59,"column":32}},"72":{"start":{"line":60,"column":8},"end":{"line":60,"column":35}},"73":{"start":{"line":62,"column":4},"end":{"line":64,"column":6}},"74":{"start":{"line":63,"column":8},"end":{"line":63,"column":29}},"75":{"start":{"line":66,"column":0},"end":{"line":66,"column":22}},"76":{"start":{"line":72,"column":4},"end":{"line":72,"column":43}},"77":{"start":{"line":74,"column":0},"end":{"line":74,"column":34}},"78":{"start":{"line":82,"column":17},"end":{"line":82,"column":18}},"79":{"start":{"line":83,"column":16},"end":{"line":86,"column":12}},"80":{"start":{"line":84,"column":8},"end":{"line":84,"column":30}},"81":{"start":{"line":85,"column":8},"end":{"line":85,"column":37}},"82":{"start":{"line":87,"column":4},"end":{"line":89,"column":6}},"83":{"start":{"line":88,"column":8},"end":{"line":88,"column":29}},"84":{"start":{"line":91,"column":0},"end":{"line":91,"column":30}},"85":{"start":{"line":99,"column":4},"end":{"line":99,"column":25}},"86":{"start":{"line":100,"column":4},"end":{"line":100,"column":19}},"87":{"start":{"line":102,"column":0},"end":{"line":102,"column":32}},"88":{"start":{"line":110,"column":4},"end":{"line":110,"column":19}},"89":{"start":{"line":112,"column":0},"end":{"line":112,"column":20}},"90":{"start":{"line":120,"column":4},"end":{"line":120,"column":18}},"91":{"start":{"line":122,"column":0},"end":{"line":122,"column":22}},"92":{"start":{"line":130,"column":4},"end":{"line":131,"column":46}},"93":{"start":{"line":131,"column":8},"end":{"line":131,"column":46}},"94":{"start":{"line":132,"column":19},"end":{"line":132,"column":39}},"95":{"start":{"line":133,"column":4},"end":{"line":134,"column":45}},"96":{"start":{"line":134,"column":8},"end":{"line":134,"column":45}},"97":{"start":{"line":135,"column":19},"end":{"line":135,"column":33}},"98":{"start":{"line":136,"column":4},"end":{"line":137,"column":56}},"99":{"start":{"line":137,"column":8},"end":{"line":137,"column":56}},"100":{"start":{"line":138,"column":21},"end":{"line":138,"column":29}},"101":{"start":{"line":139,"column":4},"end":{"line":140,"column":68}},"102":{"start":{"line":140,"column":8},"end":{"line":140,"column":68}},"103":{"start":{"line":141,"column":4},"end":{"line":145,"column":5}},"104":{"start":{"line":141,"column":18},"end":{"line":141,"column":19}},"105":{"start":{"line":141,"column":36},"end":{"line":141,"column":46}},"106":{"start":{"line":142,"column":20},"end":{"line":142,"column":36}},"107":{"start":{"line":143,"column":8},"end":{"line":144,"column":51}},"108":{"start":{"line":144,"column":12},"end":{"line":144,"column":51}},"109":{"start":{"line":146,"column":24},"end":{"line":146,"column":40}},"110":{"start":{"line":147,"column":19},"end":{"line":147,"column":43}},"111":{"start":{"line":148,"column":4},"end":{"line":151,"column":5}},"112":{"start":{"line":149,"column":24},"end":{"line":149,"column":48}},"113":{"start":{"line":150,"column":8},"end":{"line":150,"column":55}},"114":{"start":{"line":153,"column":25},"end":{"line":153,"column":38}},"115":{"start":{"line":154,"column":20},"end":{"line":154,"column":45}},"116":{"start":{"line":155,"column":4},"end":{"line":155,"column":23}},"117":{"start":{"line":156,"column":21},"end":{"line":156,"column":41}},"118":{"start":{"line":157,"column":4},"end":{"line":157,"column":59}},"119":{"start":{"line":159,"column":0},"end":{"line":159,"column":24}},"120":{"start":{"line":170,"column":4},"end":{"line":170,"column":38}},"121":{"start":{"line":171,"column":4},"end":{"line":172,"column":19}},"122":{"start":{"line":172,"column":8},"end":{"line":172,"column":19}},"123":{"start":{"line":173,"column":4},"end":{"line":177,"column":34}},"124":{"start":{"line":177,"column":8},"end":{"line":177,"column":34}},"125":{"start":{"line":179,"column":4},"end":{"line":186,"column":5}},"126":{"start":{"line":188,"column":4},"end":{"line":188,"column":30}},"127":{"start":{"line":189,"column":4},"end":{"line":190,"column":21}},"128":{"start":{"line":190,"column":8},"end":{"line":190,"column":21}},"129":{"start":{"line":193,"column":4},"end":{"line":196,"column":7}},"130":{"start":{"line":195,"column":8},"end":{"line":195,"column":19}},"131":{"start":{"line":199,"column":0},"end":{"line":199,"column":22}},"132":{"start":{"line":201,"column":4},"end":{"line":256,"column":7}},"133":{"start":{"line":203,"column":12},"end":{"line":228,"column":15}},"134":{"start":{"line":205,"column":16},"end":{"line":227,"column":19}},"135":{"start":{"line":206,"column":20},"end":{"line":226,"column":21}},"136":{"start":{"line":208,"column":28},"end":{"line":208,"column":54}},"137":{"start":{"line":209,"column":28},"end":{"line":209,"column":62}},"138":{"start":{"line":211,"column":28},"end":{"line":211,"column":42}},"139":{"start":{"line":212,"column":28},"end":{"line":212,"column":52}},"140":{"start":{"line":214,"column":28},"end":{"line":214,"column":48}},"141":{"start":{"line":215,"column":28},"end":{"line":215,"column":59}},"142":{"start":{"line":217,"column":28},"end":{"line":224,"column":29}},"143":{"start":{"line":218,"column":32},"end":{"line":222,"column":33}},"144":{"start":{"line":219,"column":36},"end":{"line":219,"column":108}},"145":{"start":{"line":220,"column":36},"end":{"line":220,"column":71}},"146":{"start":{"line":221,"column":36},"end":{"line":221,"column":42}},"147":{"start":{"line":225,"column":28},"end":{"line":225,"column":50}},"148":{"start":{"line":231,"column":8},"end":{"line":255,"column":11}},"149":{"start":{"line":232,"column":12},"end":{"line":254,"column":13}},"150":{"start":{"line":234,"column":20},"end":{"line":234,"column":52}},"151":{"start":{"line":235,"column":20},"end":{"line":235,"column":49}},"152":{"start":{"line":236,"column":20},"end":{"line":236,"column":39}},"153":{"start":{"line":237,"column":20},"end":{"line":237,"column":141}},"154":{"start":{"line":238,"column":20},"end":{"line":244,"column":22}},"155":{"start":{"line":242,"column":28},"end":{"line":242,"column":54}},"156":{"start":{"line":246,"column":20},"end":{"line":246,"column":52}},"157":{"start":{"line":249,"column":20},"end":{"line":249,"column":30}},"158":{"start":{"line":253,"column":20},"end":{"line":253,"column":53}}},"fnMap":{"0":{"name":"(anonymous_0)","decl":{"start":{"line":10,"column":44},"end":{"line":10,"column":45}},"loc":{"start":{"line":10,"column":89},"end":{"line":18,"column":1}},"line":10},"1":{"name":"adopt","decl":{"start":{"line":11,"column":13},"end":{"line":11,"column":18}},"loc":{"start":{"line":11,"column":26},"end":{"line":11,"column":112}},"line":11},"2":{"name":"(anonymous_2)","decl":{"start":{"line":11,"column":70},"end":{"line":11,"column":71}},"loc":{"start":{"line":11,"column":89},"end":{"line":11,"column":108}},"line":11},"3":{"name":"(anonymous_3)","decl":{"start":{"line":12,"column":36},"end":{"line":12,"column":37}},"loc":{"start":{"line":12,"column":63},"end":{"line":17,"column":5}},"line":12},"4":{"name":"fulfilled","decl":{"start":{"line":13,"column":17},"end":{"line":13,"column":26}},"loc":{"start":{"line":13,"column":34},"end":{"line":13,"column":99}},"line":13},"5":{"name":"rejected","decl":{"start":{"line":14,"column":17},"end":{"line":14,"column":25}},"loc":{"start":{"line":14,"column":33},"end":{"line":14,"column":102}},"line":14},"6":{"name":"step","decl":{"start":{"line":15,"column":17},"end":{"line":15,"column":21}},"loc":{"start":{"line":15,"column":30},"end":{"line":15,"column":118}},"line":15},"7":{"name":"(anonymous_7)","decl":{"start":{"line":19,"column":48},"end":{"line":19,"column":49}},"loc":{"start":{"line":19,"column":73},"end":{"line":45,"column":1}},"line":19},"8":{"name":"(anonymous_8)","decl":{"start":{"line":20,"column":30},"end":{"line":20,"column":31}},"loc":{"start":{"line":20,"column":41},"end":{"line":20,"column":83}},"line":20},"9":{"name":"(anonymous_9)","decl":{"start":{"line":21,"column":125},"end":{"line":21,"column":126}},"loc":{"start":{"line":21,"column":136},"end":{"line":21,"column":152}},"line":21},"10":{"name":"verb","decl":{"start":{"line":22,"column":13},"end":{"line":22,"column":17}},"loc":{"start":{"line":22,"column":21},"end":{"line":22,"column":70}},"line":22},"11":{"name":"(anonymous_11)","decl":{"start":{"line":22,"column":30},"end":{"line":22,"column":31}},"loc":{"start":{"line":22,"column":43},"end":{"line":22,"column":67}},"line":22},"12":{"name":"step","decl":{"start":{"line":23,"column":13},"end":{"line":23,"column":17}},"loc":{"start":{"line":23,"column":22},"end":{"line":44,"column":5}},"line":23},"13":{"name":"add","decl":{"start":{"line":48,"column":9},"end":{"line":48,"column":12}},"loc":{"start":{"line":48,"column":28},"end":{"line":50,"column":1}},"line":48},"14":{"name":"clock","decl":{"start":{"line":57,"column":9},"end":{"line":57,"column":14}},"loc":{"start":{"line":57,"column":27},"end":{"line":65,"column":1}},"line":57},"15":{"name":"(anonymous_15)","decl":{"start":{"line":58,"column":28},"end":{"line":58,"column":29}},"loc":{"start":{"line":58,"column":40},"end":{"line":61,"column":5}},"line":58},"16":{"name":"(anonymous_16)","decl":{"start":{"line":62,"column":28},"end":{"line":62,"column":29}},"loc":{"start":{"line":62,"column":40},"end":{"line":64,"column":5}},"line":62},"17":{"name":"currentTime","decl":{"start":{"line":71,"column":9},"end":{"line":71,"column":20}},"loc":{"start":{"line":71,"column":23},"end":{"line":73,"column":1}},"line":71},"18":{"name":"increment","decl":{"start":{"line":81,"column":9},"end":{"line":81,"column":18}},"loc":{"start":{"line":81,"column":44},"end":{"line":90,"column":1}},"line":81},"19":{"name":"(anonymous_19)","decl":{"start":{"line":83,"column":28},"end":{"line":83,"column":29}},"loc":{"start":{"line":83,"column":40},"end":{"line":86,"column":5}},"line":83},"20":{"name":"(anonymous_20)","decl":{"start":{"line":87,"column":28},"end":{"line":87,"column":29}},"loc":{"start":{"line":87,"column":40},"end":{"line":89,"column":5}},"line":87},"21":{"name":"logMessage","decl":{"start":{"line":98,"column":9},"end":{"line":98,"column":19}},"loc":{"start":{"line":98,"column":29},"end":{"line":101,"column":1}},"line":98},"22":{"name":"show","decl":{"start":{"line":109,"column":9},"end":{"line":109,"column":13}},"loc":{"start":{"line":109,"column":23},"end":{"line":111,"column":1}},"line":109},"23":{"name":"add15","decl":{"start":{"line":119,"column":9},"end":{"line":119,"column":14}},"loc":{"start":{"line":119,"column":18},"end":{"line":121,"column":1}},"line":119},"24":{"name":"TacGia","decl":{"start":{"line":129,"column":9},"end":{"line":129,"column":15}},"loc":{"start":{"line":129,"column":27},"end":{"line":158,"column":1}},"line":129},"25":{"name":"TyGia","decl":{"start":{"line":168,"column":9},"end":{"line":168,"column":14}},"loc":{"start":{"line":168,"column":37},"end":{"line":198,"column":1}},"line":168},"26":{"name":"(anonymous_26)","decl":{"start":{"line":193,"column":27},"end":{"line":193,"column":28}},"loc":{"start":{"line":193,"column":42},"end":{"line":196,"column":5}},"line":193},"27":{"name":"crawlTyGiaAsync","decl":{"start":{"line":200,"column":9},"end":{"line":200,"column":24}},"loc":{"start":{"line":200,"column":27},"end":{"line":257,"column":1}},"line":200},"28":{"name":"(anonymous_28)","decl":{"start":{"line":201,"column":43},"end":{"line":201,"column":44}},"loc":{"start":{"line":201,"column":55},"end":{"line":256,"column":5}},"line":201},"29":{"name":"crawler","decl":{"start":{"line":202,"column":17},"end":{"line":202,"column":24}},"loc":{"start":{"line":202,"column":27},"end":{"line":229,"column":9}},"line":202},"30":{"name":"(anonymous_30)","decl":{"start":{"line":203,"column":51},"end":{"line":203,"column":52}},"loc":{"start":{"line":203,"column":63},"end":{"line":228,"column":13}},"line":203},"31":{"name":"(anonymous_31)","decl":{"start":{"line":205,"column":41},"end":{"line":205,"column":42}},"loc":{"start":{"line":205,"column":55},"end":{"line":227,"column":17}},"line":205},"32":{"name":"(anonymous_32)","decl":{"start":{"line":231,"column":33},"end":{"line":231,"column":34}},"loc":{"start":{"line":231,"column":47},"end":{"line":255,"column":9}},"line":231},"33":{"name":"(anonymous_33)","decl":{"start":{"line":240,"column":35},"end":{"line":240,"column":36}},"loc":{"start":{"line":240,"column":51},"end":{"line":243,"column":25}},"line":240}},"branchMap":{"0":{"loc":{"start":{"line":10,"column":16},"end":{"line":18,"column":1}},"type":"binary-expr","locations":[{"start":{"line":10,"column":17},"end":{"line":10,"column":21}},{"start":{"line":10,"column":25},"end":{"line":10,"column":39}},{"start":{"line":10,"column":44},"end":{"line":18,"column":1}}],"line":10},"1":{"loc":{"start":{"line":11,"column":35},"end":{"line":11,"column":109}},"type":"cond-expr","locations":[{"start":{"line":11,"column":56},"end":{"line":11,"column":61}},{"start":{"line":11,"column":64},"end":{"line":11,"column":109}}],"line":11},"2":{"loc":{"start":{"line":12,"column":16},"end":{"line":12,"column":34}},"type":"binary-expr","locations":[{"start":{"line":12,"column":16},"end":{"line":12,"column":17}},{"start":{"line":12,"column":22},"end":{"line":12,"column":33}}],"line":12},"3":{"loc":{"start":{"line":15,"column":32},"end":{"line":15,"column":115}},"type":"cond-expr","locations":[{"start":{"line":15,"column":46},"end":{"line":15,"column":67}},{"start":{"line":15,"column":70},"end":{"line":15,"column":115}}],"line":15},"4":{"loc":{"start":{"line":16,"column":51},"end":{"line":16,"column":67}},"type":"binary-expr","locations":[{"start":{"line":16,"column":51},"end":{"line":16,"column":61}},{"start":{"line":16,"column":65},"end":{"line":16,"column":67}}],"line":16},"5":{"loc":{"start":{"line":19,"column":18},"end":{"line":45,"column":1}},"type":"binary-expr","locations":[{"start":{"line":19,"column":19},"end":{"line":19,"column":23}},{"start":{"line":19,"column":27},"end":{"line":19,"column":43}},{"start":{"line":19,"column":48},"end":{"line":45,"column":1}}],"line":19},"6":{"loc":{"start":{"line":20,"column":43},"end":{"line":20,"column":68}},"type":"if","locations":[{"start":{"line":20,"column":43},"end":{"line":20,"column":68}},{"start":{"line":20,"column":43},"end":{"line":20,"column":68}}],"line":20},"7":{"loc":{"start":{"line":21,"column":71},"end":{"line":21,"column":153}},"type":"binary-expr","locations":[{"start":{"line":21,"column":71},"end":{"line":21,"column":99}},{"start":{"line":21,"column":104},"end":{"line":21,"column":152}}],"line":21},"8":{"loc":{"start":{"line":24,"column":8},"end":{"line":24,"column":70}},"type":"if","locations":[{"start":{"line":24,"column":8},"end":{"line":24,"column":70}},{"start":{"line":24,"column":8},"end":{"line":24,"column":70}}],"line":24},"9":{"loc":{"start":{"line":26,"column":12},"end":{"line":26,"column":169}},"type":"if","locations":[{"start":{"line":26,"column":12},"end":{"line":26,"column":169}},{"start":{"line":26,"column":12},"end":{"line":26,"column":169}}],"line":26},"10":{"loc":{"start":{"line":26,"column":23},"end":{"line":26,"column":158}},"type":"binary-expr","locations":[{"start":{"line":26,"column":23},"end":{"line":26,"column":24}},{"start":{"line":26,"column":29},"end":{"line":26,"column":125}},{"start":{"line":26,"column":130},"end":{"line":26,"column":158}}],"line":26},"11":{"loc":{"start":{"line":26,"column":33},"end":{"line":26,"column":125}},"type":"cond-expr","locations":[{"start":{"line":26,"column":45},"end":{"line":26,"column":56}},{"start":{"line":26,"column":59},"end":{"line":26,"column":125}}],"line":26},"12":{"loc":{"start":{"line":26,"column":59},"end":{"line":26,"column":125}},"type":"cond-expr","locations":[{"start":{"line":26,"column":67},"end":{"line":26,"column":116}},{"start":{"line":26,"column":119},"end":{"line":26,"column":125}}],"line":26},"13":{"loc":{"start":{"line":26,"column":67},"end":{"line":26,"column":116}},"type":"binary-expr","locations":[{"start":{"line":26,"column":67},"end":{"line":26,"column":77}},{"start":{"line":26,"column":82},"end":{"line":26,"column":115}}],"line":26},"14":{"loc":{"start":{"line":26,"column":82},"end":{"line":26,"column":112}},"type":"binary-expr","locations":[{"start":{"line":26,"column":83},"end":{"line":26,"column":98}},{"start":{"line":26,"column":103},"end":{"line":26,"column":112}}],"line":26},"15":{"loc":{"start":{"line":27,"column":12},"end":{"line":27,"column":52}},"type":"if","locations":[{"start":{"line":27,"column":12},"end":{"line":27,"column":52}},{"start":{"line":27,"column":12},"end":{"line":27,"column":52}}],"line":27},"16":{"loc":{"start":{"line":28,"column":12},"end":{"line":40,"column":13}},"type":"switch","locations":[{"start":{"line":29,"column":16},"end":{"line":29,"column":23}},{"start":{"line":29,"column":24},"end":{"line":29,"column":46}},{"start":{"line":30,"column":16},"end":{"line":30,"column":72}},{"start":{"line":31,"column":16},"end":{"line":31,"column":65}},{"start":{"line":32,"column":16},"end":{"line":32,"column":65}},{"start":{"line":33,"column":16},"end":{"line":39,"column":43}}],"line":28},"17":{"loc":{"start":{"line":34,"column":20},"end":{"line":34,"column":128}},"type":"if","locations":[{"start":{"line":34,"column":20},"end":{"line":34,"column":128}},{"start":{"line":34,"column":20},"end":{"line":34,"column":128}}],"line":34},"18":{"loc":{"start":{"line":34,"column":24},"end":{"line":34,"column":106}},"type":"binary-expr","locations":[{"start":{"line":34,"column":24},"end":{"line":34,"column":74}},{"start":{"line":34,"column":79},"end":{"line":34,"column":90}},{"start":{"line":34,"column":94},"end":{"line":34,"column":105}}],"line":34},"19":{"loc":{"start":{"line":34,"column":42},"end":{"line":34,"column":73}},"type":"binary-expr","locations":[{"start":{"line":34,"column":42},"end":{"line":34,"column":54}},{"start":{"line":34,"column":58},"end":{"line":34,"column":73}}],"line":34},"20":{"loc":{"start":{"line":35,"column":20},"end":{"line":35,"column":106}},"type":"if","locations":[{"start":{"line":35,"column":20},"end":{"line":35,"column":106}},{"start":{"line":35,"column":20},"end":{"line":35,"column":106}}],"line":35},"21":{"loc":{"start":{"line":35,"column":24},"end":{"line":35,"column":77}},"type":"binary-expr","locations":[{"start":{"line":35,"column":24},"end":{"line":35,"column":35}},{"start":{"line":35,"column":40},"end":{"line":35,"column":42}},{"start":{"line":35,"column":47},"end":{"line":35,"column":59}},{"start":{"line":35,"column":63},"end":{"line":35,"column":75}}],"line":35},"22":{"loc":{"start":{"line":36,"column":20},"end":{"line":36,"column":89}},"type":"if","locations":[{"start":{"line":36,"column":20},"end":{"line":36,"column":89}},{"start":{"line":36,"column":20},"end":{"line":36,"column":89}}],"line":36},"23":{"loc":{"start":{"line":36,"column":24},"end":{"line":36,"column":53}},"type":"binary-expr","locations":[{"start":{"line":36,"column":24},"end":{"line":36,"column":35}},{"start":{"line":36,"column":39},"end":{"line":36,"column":53}}],"line":36},"24":{"loc":{"start":{"line":37,"column":20},"end":{"line":37,"column":87}},"type":"if","locations":[{"start":{"line":37,"column":20},"end":{"line":37,"column":87}},{"start":{"line":37,"column":20},"end":{"line":37,"column":87}}],"line":37},"25":{"loc":{"start":{"line":37,"column":24},"end":{"line":37,"column":43}},"type":"binary-expr","locations":[{"start":{"line":37,"column":24},"end":{"line":37,"column":25}},{"start":{"line":37,"column":29},"end":{"line":37,"column":43}}],"line":37},"26":{"loc":{"start":{"line":38,"column":20},"end":{"line":38,"column":42}},"type":"if","locations":[{"start":{"line":38,"column":20},"end":{"line":38,"column":42}},{"start":{"line":38,"column":20},"end":{"line":38,"column":42}}],"line":38},"27":{"loc":{"start":{"line":43,"column":8},"end":{"line":43,"column":35}},"type":"if","locations":[{"start":{"line":43,"column":8},"end":{"line":43,"column":35}},{"start":{"line":43,"column":8},"end":{"line":43,"column":35}}],"line":43},"28":{"loc":{"start":{"line":43,"column":52},"end":{"line":43,"column":74}},"type":"cond-expr","locations":[{"start":{"line":43,"column":60},"end":{"line":43,"column":65}},{"start":{"line":43,"column":68},"end":{"line":43,"column":74}}],"line":43},"29":{"loc":{"start":{"line":130,"column":4},"end":{"line":131,"column":46}},"type":"if","locations":[{"start":{"line":130,"column":4},"end":{"line":131,"column":46}},{"start":{"line":130,"column":4},"end":{"line":131,"column":46}}],"line":130},"30":{"loc":{"start":{"line":133,"column":4},"end":{"line":134,"column":45}},"type":"if","locations":[{"start":{"line":133,"column":4},"end":{"line":134,"column":45}},{"start":{"line":133,"column":4},"end":{"line":134,"column":45}}],"line":133},"31":{"loc":{"start":{"line":136,"column":4},"end":{"line":137,"column":56}},"type":"if","locations":[{"start":{"line":136,"column":4},"end":{"line":137,"column":56}},{"start":{"line":136,"column":4},"end":{"line":137,"column":56}}],"line":136},"32":{"loc":{"start":{"line":139,"column":4},"end":{"line":140,"column":68}},"type":"if","locations":[{"start":{"line":139,"column":4},"end":{"line":140,"column":68}},{"start":{"line":139,"column":4},"end":{"line":140,"column":68}}],"line":139},"33":{"loc":{"start":{"line":143,"column":8},"end":{"line":144,"column":51}},"type":"if","locations":[{"start":{"line":143,"column":8},"end":{"line":144,"column":51}},{"start":{"line":143,"column":8},"end":{"line":144,"column":51}}],"line":143},"34":{"loc":{"start":{"line":148,"column":4},"end":{"line":151,"column":5}},"type":"if","locations":[{"start":{"line":148,"column":4},"end":{"line":151,"column":5}},{"start":{"line":148,"column":4},"end":{"line":151,"column":5}}],"line":148},"35":{"loc":{"start":{"line":171,"column":4},"end":{"line":172,"column":19}},"type":"if","locations":[{"start":{"line":171,"column":4},"end":{"line":172,"column":19}},{"start":{"line":171,"column":4},"end":{"line":172,"column":19}}],"line":171},"36":{"loc":{"start":{"line":173,"column":4},"end":{"line":177,"column":34}},"type":"if","locations":[{"start":{"line":173,"column":4},"end":{"line":177,"column":34}},{"start":{"line":173,"column":4},"end":{"line":177,"column":34}}],"line":173},"37":{"loc":{"start":{"line":173,"column":10},"end":{"line":176,"column":49}},"type":"binary-expr","locations":[{"start":{"line":173,"column":10},"end":{"line":173,"column":27}},{"start":{"line":173,"column":31},"end":{"line":173,"column":48}},{"start":{"line":173,"column":52},"end":{"line":173,"column":69}},{"start":{"line":173,"column":73},"end":{"line":173,"column":90}},{"start":{"line":173,"column":94},"end":{"line":173,"column":111}},{"start":{"line":173,"column":115},"end":{"line":173,"column":132}},{"start":{"line":174,"column":11},"end":{"line":174,"column":28}},{"start":{"line":174,"column":32},"end":{"line":174,"column":49}},{"start":{"line":174,"column":53},"end":{"line":174,"column":70}},{"start":{"line":174,"column":74},"end":{"line":174,"column":91}},{"start":{"line":174,"column":95},"end":{"line":174,"column":112}},{"start":{"line":174,"column":116},"end":{"line":174,"column":133}},{"start":{"line":175,"column":11},"end":{"line":175,"column":28}},{"start":{"line":175,"column":32},"end":{"line":175,"column":49}},{"start":{"line":175,"column":53},"end":{"line":175,"column":70}},{"start":{"line":175,"column":74},"end":{"line":175,"column":91}},{"start":{"line":175,"column":95},"end":{"line":175,"column":112}},{"start":{"line":175,"column":116},"end":{"line":175,"column":133}},{"start":{"line":176,"column":11},"end":{"line":176,"column":28}},{"start":{"line":176,"column":32},"end":{"line":176,"column":49}}],"line":173},"38":{"loc":{"start":{"line":179,"column":4},"end":{"line":186,"column":5}},"type":"if","locations":[{"start":{"line":179,"column":4},"end":{"line":186,"column":5}},{"start":{"line":179,"column":4},"end":{"line":186,"column":5}}],"line":179},"39":{"loc":{"start":{"line":189,"column":4},"end":{"line":190,"column":21}},"type":"if","locations":[{"start":{"line":189,"column":4},"end":{"line":190,"column":21}},{"start":{"line":189,"column":4},"end":{"line":190,"column":21}}],"line":189},"40":{"loc":{"start":{"line":189,"column":8},"end":{"line":189,"column":38}},"type":"binary-expr","locations":[{"start":{"line":189,"column":8},"end":{"line":189,"column":21}},{"start":{"line":189,"column":25},"end":{"line":189,"column":38}}],"line":189},"41":{"loc":{"start":{"line":206,"column":20},"end":{"line":226,"column":21}},"type":"switch","locations":[{"start":{"line":207,"column":24},"end":{"line":209,"column":62}},{"start":{"line":210,"column":24},"end":{"line":212,"column":52}},{"start":{"line":213,"column":24},"end":{"line":215,"column":59}},{"start":{"line":216,"column":24},"end":{"line":225,"column":50}}],"line":206},"42":{"loc":{"start":{"line":218,"column":32},"end":{"line":222,"column":33}},"type":"if","locations":[{"start":{"line":218,"column":32},"end":{"line":222,"column":33}},{"start":{"line":218,"column":32},"end":{"line":222,"column":33}}],"line":218},"43":{"loc":{"start":{"line":232,"column":12},"end":{"line":254,"column":13}},"type":"switch","locations":[{"start":{"line":233,"column":16},"end":{"line":246,"column":52}},{"start":{"line":247,"column":16},"end":{"line":253,"column":53}}],"line":232}},"s":{"0":2,"1":4,"2":2,"3":4,"4":0,"5":0,"6":0,"7":0,"8":0,"9":0,"10":4,"11":4,"12":2,"13":4,"14":0,"15":0,"16":0,"17":4,"18":0,"19":12,"20":4,"21":4,"22":0,"23":4,"24":8,"25":8,"26":0,"27":8,"28":0,"29":8,"30":4,"31":4,"32":4,"33":4,"34":0,"35":0,"36":0,"37":0,"38":0,"39":0,"40":0,"41":0,"42":0,"43":0,"44":0,"45":0,"46":0,"47":0,"48":0,"49":0,"50":0,"51":0,"52":0,"53":0,"54":0,"55":0,"56":0,"57":0,"58":0,"59":4,"60":0,"61":0,"62":8,"63":0,"64":0,"65":0,"66":2,"67":2,"68":0,"69":2,"70":0,"71":0,"72":0,"73":0,"74":0,"75":2,"76":0,"77":2,"78":0,"79":0,"80":0,"81":0,"82":0,"83":0,"84":2,"85":0,"86":0,"87":2,"88":0,"89":2,"90":0,"91":2,"92":0,"93":0,"94":0,"95":0,"96":0,"97":0,"98":0,"99":0,"100":0,"101":0,"102":0,"103":0,"104":0,"105":0,"106":0,"107":0,"108":0,"109":0,"110":0,"111":0,"112":0,"113":0,"114":0,"115":0,"116":0,"117":0,"118":0,"119":2,"120":2,"121":2,"122":0,"123":2,"124":0,"125":2,"126":2,"127":2,"128":2,"129":2,"130":0,"131":2,"132":2,"133":2,"134":2,"135":2,"136":2,"137":2,"138":0,"139":0,"140":0,"141":0,"142":0,"143":0,"144":0,"145":0,"146":0,"147":0,"148":2,"149":2,"150":2,"151":2,"152":2,"153":2,"154":2,"155":0,"156":2,"157":0,"158":0},"f":{"0":4,"1":4,"2":2,"3":4,"4":0,"5":0,"6":4,"7":4,"8":0,"9":0,"10":12,"11":4,"12":4,"13":0,"14":0,"15":0,"16":0,"17":0,"18":0,"19":0,"20":0,"21":0,"22":0,"23":0,"24":0,"25":2,"26":0,"27":2,"28":2,"29":2,"30":2,"31":2,"32":2,"33":0},"b":{"0":[2,2,2],"1":[2,2],"2":[4,4],"3":[0,4],"4":[4,4],"5":[2,2,2],"6":[0,0],"7":[4,4],"8":[0,4],"9":[0,8],"10":[8,0,0],"11":[0,0],"12":[0,0],"13":[0,0],"14":[0,0],"15":[0,8],"16":[4,4,4,0,0,0],"17":[0,0],"18":[0,0,0],"19":[0,0],"20":[0,0],"21":[0,0,0,0],"22":[0,0],"23":[0,0],"24":[0,0],"25":[0,0],"26":[0,0],"27":[0,0],"28":[0,0],"29":[0,0],"30":[0,0],"31":[0,0],"32":[0,0],"33":[0,0],"34":[0,0],"35":[0,2],"36":[0,2],"37":[2,2,2,2,2,2,2,2,2,2,2,2,2,2,2,2,2,2,2,2],"38":[0,2],"39":[2,0],"40":[2,2],"41":[2,0,0,0],"42":[0,0],"43":[2,0]},"inputSourceMap":null,"_coverageSchema":"1a1c01bbd47fc00a2c39e90264f33305004495a9","hash":"931ba436b1578d42c658ea0c8690b1306af2bcde"}
}
