TN:
SF:lib\src\functions\functions.js
FN:12,add
FN:21,clock
FN:22,(anonymous_2)
FN:26,(anonymous_3)
FN:35,currentTime
FN:45,increment
FN:47,(anonymous_6)
FN:51,(anonymous_7)
FN:62,logMessage
FN:73,show
FNF:10
FNH:1
FNDA:0,add
FNDA:0,clock
FNDA:0,(anonymous_2)
FNDA:0,(anonymous_3)
FNDA:0,currentTime
FNDA:0,increment
FNDA:0,(anonymous_6)
FNDA:0,(anonymous_7)
FNDA:0,logMessage
FNDA:1,show
DA:10,1
DA:11,1
DA:13,0
DA:15,1
DA:22,0
DA:23,0
DA:24,0
DA:26,0
DA:27,0
DA:30,1
DA:36,0
DA:38,1
DA:46,0
DA:47,0
DA:48,0
DA:49,0
DA:51,0
DA:52,0
DA:55,1
DA:63,0
DA:64,0
DA:66,1
DA:74,1
DA:76,1
LF:24
LH:9
BRF:0
BRH:0
end_of_record
TN:
SF:src\functions\functions.js
FN:10,(anonymous_0)
FN:11,adopt
FN:11,(anonymous_2)
FN:12,(anonymous_3)
FN:13,fulfilled
FN:14,rejected
FN:15,step
FN:19,(anonymous_7)
FN:20,(anonymous_8)
FN:21,(anonymous_9)
FN:22,verb
FN:22,(anonymous_11)
FN:23,step
FN:48,add
FN:57,clock
FN:58,(anonymous_15)
FN:62,(anonymous_16)
FN:71,currentTime
FN:81,increment
FN:83,(anonymous_19)
FN:87,(anonymous_20)
FN:98,logMessage
FN:109,show
FN:119,add15
FN:129,TacGia
FN:168,TyGia
FN:193,(anonymous_26)
FN:200,crawlTyGiaAsync
FN:201,(anonymous_28)
FN:202,crawler
FN:203,(anonymous_30)
FN:205,(anonymous_31)
FN:231,(anonymous_32)
FN:240,(anonymous_33)
FNF:34
FNH:16
FNDA:4,(anonymous_0)
FNDA:4,adopt
FNDA:2,(anonymous_2)
FNDA:4,(anonymous_3)
FNDA:0,fulfilled
FNDA:0,rejected
FNDA:4,step
FNDA:4,(anonymous_7)
FNDA:0,(anonymous_8)
FNDA:0,(anonymous_9)
FNDA:12,verb
FNDA:4,(anonymous_11)
FNDA:4,step
FNDA:0,add
FNDA:0,clock
FNDA:0,(anonymous_15)
FNDA:0,(anonymous_16)
FNDA:0,currentTime
FNDA:0,increment
FNDA:0,(anonymous_19)
FNDA:0,(anonymous_20)
FNDA:0,logMessage
FNDA:0,show
FNDA:0,add15
FNDA:0,TacGia
FNDA:2,TyGia
FNDA:0,(anonymous_26)
FNDA:2,crawlTyGiaAsync
FNDA:2,(anonymous_28)
FNDA:2,crawler
FNDA:2,(anonymous_30)
FNDA:2,(anonymous_31)
FNDA:2,(anonymous_32)
FNDA:0,(anonymous_33)
DA:10,2
DA:11,4
DA:12,4
DA:13,0
DA:14,0
DA:15,4
DA:16,4
DA:19,2
DA:20,4
DA:21,4
DA:22,12
DA:24,4
DA:25,8
DA:26,8
DA:27,8
DA:28,8
DA:29,4
DA:30,4
DA:31,0
DA:32,0
DA:34,0
DA:35,0
DA:36,0
DA:37,0
DA:38,0
DA:39,0
DA:41,4
DA:42,8
DA:43,0
DA:46,2
DA:47,2
DA:49,0
DA:51,2
DA:58,0
DA:59,0
DA:60,0
DA:62,0
DA:63,0
DA:66,2
DA:72,0
DA:74,2
DA:82,0
DA:83,0
DA:84,0
DA:85,0
DA:87,0
DA:88,0
DA:91,2
DA:99,0
DA:100,0
DA:102,2
DA:110,0
DA:112,2
DA:120,0
DA:122,2
DA:130,0
DA:131,0
DA:132,0
DA:133,0
DA:134,0
DA:135,0
DA:136,0
DA:137,0
DA:138,0
DA:139,0
DA:140,0
DA:141,0
DA:142,0
DA:143,0
DA:144,0
DA:146,0
DA:147,0
DA:148,0
DA:149,0
DA:150,0
DA:153,0
DA:154,0
DA:155,0
DA:156,0
DA:157,0
DA:159,2
DA:170,2
DA:171,2
DA:172,0
DA:173,2
DA:177,0
DA:179,2
DA:188,2
DA:189,2
DA:190,2
DA:193,2
DA:195,0
DA:199,2
DA:201,2
DA:203,2
DA:205,2
DA:206,2
DA:208,2
DA:209,2
DA:211,0
DA:212,0
DA:214,0
DA:215,0
DA:217,0
DA:218,0
DA:219,0
DA:220,0
DA:221,0
DA:225,0
DA:231,2
DA:232,2
DA:234,2
DA:235,2
DA:236,2
DA:237,2
DA:238,2
DA:242,0
DA:246,2
DA:249,0
DA:253,0
LF:120
LH:51
BRDA:10,0,0,2
BRDA:10,0,1,2
BRDA:10,0,2,2
BRDA:11,1,0,2
BRDA:11,1,1,2
BRDA:12,2,0,4
BRDA:12,2,1,4
BRDA:15,3,0,0
BRDA:15,3,1,4
BRDA:16,4,0,4
BRDA:16,4,1,4
BRDA:19,5,0,2
BRDA:19,5,1,2
BRDA:19,5,2,2
BRDA:20,6,0,0
BRDA:20,6,1,0
BRDA:21,7,0,4
BRDA:21,7,1,4
BRDA:24,8,0,0
BRDA:24,8,1,4
BRDA:26,9,0,0
BRDA:26,9,1,8
BRDA:26,10,0,8
BRDA:26,10,1,0
BRDA:26,10,2,0
BRDA:26,11,0,0
BRDA:26,11,1,0
BRDA:26,12,0,0
BRDA:26,12,1,0
BRDA:26,13,0,0
BRDA:26,13,1,0
BRDA:26,14,0,0
BRDA:26,14,1,0
BRDA:27,15,0,0
BRDA:27,15,1,8
BRDA:28,16,0,4
BRDA:28,16,1,4
BRDA:28,16,2,4
BRDA:28,16,3,0
BRDA:28,16,4,0
BRDA:28,16,5,0
BRDA:34,17,0,0
BRDA:34,17,1,0
BRDA:34,18,0,0
BRDA:34,18,1,0
BRDA:34,18,2,0
BRDA:34,19,0,0
BRDA:34,19,1,0
BRDA:35,20,0,0
BRDA:35,20,1,0
BRDA:35,21,0,0
BRDA:35,21,1,0
BRDA:35,21,2,0
BRDA:35,21,3,0
BRDA:36,22,0,0
BRDA:36,22,1,0
BRDA:36,23,0,0
BRDA:36,23,1,0
BRDA:37,24,0,0
BRDA:37,24,1,0
BRDA:37,25,0,0
BRDA:37,25,1,0
BRDA:38,26,0,0
BRDA:38,26,1,0
BRDA:43,27,0,0
BRDA:43,27,1,0
BRDA:43,28,0,0
BRDA:43,28,1,0
BRDA:130,29,0,0
BRDA:130,29,1,0
BRDA:133,30,0,0
BRDA:133,30,1,0
BRDA:136,31,0,0
BRDA:136,31,1,0
BRDA:139,32,0,0
BRDA:139,32,1,0
BRDA:143,33,0,0
BRDA:143,33,1,0
BRDA:148,34,0,0
BRDA:148,34,1,0
BRDA:171,35,0,0
BRDA:171,35,1,2
BRDA:173,36,0,0
BRDA:173,36,1,2
BRDA:173,37,0,2
BRDA:173,37,1,2
BRDA:173,37,2,2
BRDA:173,37,3,2
BRDA:173,37,4,2
BRDA:173,37,5,2
BRDA:173,37,6,2
BRDA:173,37,7,2
BRDA:173,37,8,2
BRDA:173,37,9,2
BRDA:173,37,10,2
BRDA:173,37,11,2
BRDA:173,37,12,2
BRDA:173,37,13,2
BRDA:173,37,14,2
BRDA:173,37,15,2
BRDA:173,37,16,2
BRDA:173,37,17,2
BRDA:173,37,18,2
BRDA:173,37,19,2
BRDA:179,38,0,0
BRDA:179,38,1,2
BRDA:189,39,0,2
BRDA:189,39,1,0
BRDA:189,40,0,2
BRDA:189,40,1,2
BRDA:206,41,0,2
BRDA:206,41,1,0
BRDA:206,41,2,0
BRDA:206,41,3,0
BRDA:218,42,0,0
BRDA:218,42,1,0
BRDA:232,43,0,2
BRDA:232,43,1,0
BRF:118
BRH:50
end_of_record
